<?xml version="1.0" encoding="UTF-8"?>
<testng-results ignored="0" total="1" passed="1" failed="0" skipped="0">
  <reporter-output>
    <line>
      <![CDATA[Old report backed up to folder D:\Development\Eclipse-Workspaces\WithRituRaj\TestFramework4\Test-Reports//26Aug24_17.57.53.858//]]>
    </line>
  </reporter-output>
  <suite started-at="2024-08-26T17:57:54 IST" name="Suite" finished-at="2024-08-26T17:58:05 IST" duration-ms="11092">
    <groups>
    </groups>
    <test started-at="2024-08-26T17:57:54 IST" name="Test" finished-at="2024-08-26T17:58:05 IST" duration-ms="11092">
      <class name="com.tests.SauceInvalidLoginTest">
        <test-method is-config="true" signature="preSuite()[pri:0, instance:com.tests.SauceInvalidLoginTest@6a192cfe]" started-at="2024-08-26T17:57:53 IST" name="preSuite" finished-at="2024-08-26T17:57:53 IST" duration-ms="11" status="PASS">
          <reporter-output>
            <line>
              <![CDATA[Old report backed up to folder D:\Development\Eclipse-Workspaces\WithRituRaj\TestFramework4\Test-Reports//26Aug24_17.57.53.858//]]>
            </line>
          </reporter-output>
        </test-method> <!-- preSuite -->
        <test-method is-config="true" signature="init()[pri:0, instance:com.tests.SauceInvalidLoginTest@6a192cfe]" started-at="2024-08-26T17:57:54 IST" name="init" finished-at="2024-08-26T17:58:01 IST" duration-ms="7914" status="PASS">
          <reporter-output>
          </reporter-output>
        </test-method> <!-- init -->
        <test-method signature="invalidLoginTest()[pri:0, instance:com.tests.SauceInvalidLoginTest@6a192cfe]" started-at="2024-08-26T17:58:01 IST" name="invalidLoginTest" finished-at="2024-08-26T17:58:04 IST" duration-ms="2591" status="PASS">
          <reporter-output>
          </reporter-output>
        </test-method> <!-- invalidLoginTest -->
        <test-method is-config="true" signature="tearDown()[pri:0, instance:com.tests.SauceInvalidLoginTest@6a192cfe]" started-at="2024-08-26T17:58:04 IST" name="tearDown" finished-at="2024-08-26T17:58:05 IST" duration-ms="537" status="PASS">
          <reporter-output>
          </reporter-output>
        </test-method> <!-- tearDown -->
      </class> <!-- com.tests.SauceInvalidLoginTest -->
    </test> <!-- Test -->
  </suite> <!-- Suite -->
</testng-results>
