<?xml version="1.0" encoding="UTF-8"?>
<testng-results ignored="0" total="1" passed="1" failed="0" skipped="0">
  <reporter-output>
    <line>
      <![CDATA[Old report backed up to folder D:\Development\Eclipse-Workspaces\WithRituRaj\TestFramework4\Test-Reports//26Aug24_17.58.21.947//]]>
    </line>
  </reporter-output>
  <suite started-at="2024-08-26T17:58:22 IST" name="Suite" finished-at="2024-08-26T17:58:29 IST" duration-ms="6579">
    <groups>
    </groups>
    <test started-at="2024-08-26T17:58:22 IST" name="Test" finished-at="2024-08-26T17:58:29 IST" duration-ms="6579">
      <class name="com.tests.SauceInvalidLoginTest">
        <test-method is-config="true" signature="preSuite()[pri:0, instance:com.tests.SauceInvalidLoginTest@6a192cfe]" started-at="2024-08-26T17:58:22 IST" name="preSuite" finished-at="2024-08-26T17:58:22 IST" duration-ms="630" status="PASS">
          <reporter-output>
            <line>
              <![CDATA[Old report backed up to folder D:\Development\Eclipse-Workspaces\WithRituRaj\TestFramework4\Test-Reports//26Aug24_17.58.21.947//]]>
            </line>
          </reporter-output>
        </test-method> <!-- preSuite -->
        <test-method is-config="true" signature="init()[pri:0, instance:com.tests.SauceInvalidLoginTest@6a192cfe]" started-at="2024-08-26T17:58:22 IST" name="init" finished-at="2024-08-26T17:58:25 IST" duration-ms="2705" status="PASS">
          <reporter-output>
          </reporter-output>
        </test-method> <!-- init -->
        <test-method signature="invalidLoginTest()[pri:0, instance:com.tests.SauceInvalidLoginTest@6a192cfe]" started-at="2024-08-26T17:58:25 IST" name="invalidLoginTest" finished-at="2024-08-26T17:58:28 IST" duration-ms="3368" status="PASS">
          <reporter-output>
          </reporter-output>
        </test-method> <!-- invalidLoginTest -->
        <test-method is-config="true" signature="tearDown()[pri:0, instance:com.tests.SauceInvalidLoginTest@6a192cfe]" started-at="2024-08-26T17:58:28 IST" name="tearDown" finished-at="2024-08-26T17:58:29 IST" duration-ms="467" status="PASS">
          <reporter-output>
          </reporter-output>
        </test-method> <!-- tearDown -->
      </class> <!-- com.tests.SauceInvalidLoginTest -->
    </test> <!-- Test -->
  </suite> <!-- Suite -->
</testng-results>
